0 info it worked if it ends with ok
1 verbose cli [ '/usr/local/Cellar/node/7.7.3/bin/node',
1 verbose cli   '/usr/local/bin/npm',
1 verbose cli   'run',
1 verbose cli   'lint:css' ]
2 info using npm@4.1.2
3 info using node@v7.7.3
4 verbose run-script [ 'prelint:css', 'lint:css', 'postlint:css' ]
5 info lifecycle browserslist-issue@0.0.0~prelint:css: browserslist-issue@0.0.0
6 silly lifecycle browserslist-issue@0.0.0~prelint:css: no script for prelint:css, continuing
7 info lifecycle browserslist-issue@0.0.0~lint:css: browserslist-issue@0.0.0
8 verbose lifecycle browserslist-issue@0.0.0~lint:css: unsafe-perm in lifecycle true
9 verbose lifecycle browserslist-issue@0.0.0~lint:css: PATH: /usr/local/lib/node_modules/npm/bin/node-gyp-bin:/Users/ethel/dev/browserslist-issue/node_modules/.bin:/Users/ethel/google-cloud-sdk/bin:/usr/local/sbin:/Users/ethel/bin:/usr/local/bin:/usr/local/bin:/usr/bin:/bin:/usr/sbin:/sbin:/usr/local/go/bin:/usr/local/MacGPG2/bin:/usr/local/munki:/usr/local/heroku/bin:/Users/ethel/.yarn/bin
10 verbose lifecycle browserslist-issue@0.0.0~lint:css: CWD: /Users/ethel/dev/browserslist-issue
11 silly lifecycle browserslist-issue@0.0.0~lint:css: Args: [ '-c', 'stylelint src/**/*.css' ]
12 silly lifecycle browserslist-issue@0.0.0~lint:css: Returned: code: 1  signal: null
13 info lifecycle browserslist-issue@0.0.0~lint:css: Failed to exec lint:css script
14 verbose stack Error: browserslist-issue@0.0.0 lint:css: `stylelint src/**/*.css`
14 verbose stack Exit status 1
14 verbose stack     at EventEmitter.<anonymous> (/usr/local/lib/node_modules/npm/lib/utils/lifecycle.js:279:16)
14 verbose stack     at emitTwo (events.js:106:13)
14 verbose stack     at EventEmitter.emit (events.js:194:7)
14 verbose stack     at ChildProcess.<anonymous> (/usr/local/lib/node_modules/npm/lib/utils/spawn.js:40:14)
14 verbose stack     at emitTwo (events.js:106:13)
14 verbose stack     at ChildProcess.emit (events.js:194:7)
14 verbose stack     at maybeClose (internal/child_process.js:899:16)
14 verbose stack     at Process.ChildProcess._handle.onexit (internal/child_process.js:226:5)
15 verbose pkgid browserslist-issue@0.0.0
16 verbose cwd /Users/ethel/dev/browserslist-issue
17 error Darwin 16.4.0
18 error argv "/usr/local/Cellar/node/7.7.3/bin/node" "/usr/local/bin/npm" "run" "lint:css"
19 error node v7.7.3
20 error npm  v4.1.2
21 error code ELIFECYCLE
22 error browserslist-issue@0.0.0 lint:css: `stylelint src/**/*.css`
22 error Exit status 1
23 error Failed at the browserslist-issue@0.0.0 lint:css script 'stylelint src/**/*.css'.
23 error Make sure you have the latest version of node.js and npm installed.
23 error If you do, this is most likely a problem with the browserslist-issue package,
23 error not with npm itself.
23 error Tell the author that this fails on your system:
23 error     stylelint src/**/*.css
23 error You can get information on how to open an issue for this project with:
23 error     npm bugs browserslist-issue
23 error Or if that isn't available, you can get their info via:
23 error     npm owner ls browserslist-issue
23 error There is likely additional logging output above.
24 verbose exit [ 1, true ]
